<?xml version="1.0" encoding="UTF-8"?>
<!-- Generated by org.testng.reporters.JUnitReportReporter -->
<testsuite hostname="MacBookAir" failures="0" tests="3" name="tests.PutPatchDeleteExamples" time="1.578" errors="0" timestamp="2025-02-09T12:20:15 EST" skipped="0">
  <testcase classname="tests.PutPatchDeleteExamples" name="testPut" time="0.197"/>
  <testcase classname="tests.PutPatchDeleteExamples" name="testPatch" time="0.226"/>
  <testcase classname="tests.PutPatchDeleteExamples" name="testDelete" time="1.155"/>
</testsuite> <!-- tests.PutPatchDeleteExamples -->
