<?xml version="1.0" encoding="UTF-8"?>
<!-- Generated by org.testng.reporters.JUnitReportReporter -->
<testsuite hostname="MacBookAir" failures="0" tests="1" name="org.sample.mavenorg.DesiredCap" time="19.216" errors="0" timestamp="2024-12-10T15:10:58 EST" skipped="0">
  <testcase classname="org.sample.mavenorg.DesiredCap" name="OpenBrowser" time="19.216"/>
</testsuite> <!-- org.sample.mavenorg.DesiredCap -->
