<?xml version="1.0" encoding="UTF-8"?>
<!-- Generated by org.testng.reporters.JUnitReportReporter -->
<testsuite hostname="MacBookAir" failures="0" tests="3" name="tests.TestsExamples" time="1.189" errors="0" timestamp="2025-02-09T10:18:05 EST" skipped="2">
  <testcase classname="tests.TestsExamples" name="testPost" time="1.189"/>
  <testcase classname="tests.TestsExamples" name="test_1">
    <skipped/>
  </testcase> <!-- test_1 -->
  <testcase classname="tests.TestsExamples" name="test_2">
    <skipped/>
  </testcase> <!-- test_2 -->
</testsuite> <!-- tests.TestsExamples -->
